# JRE version: OpenJDK Runtime Environment (21.0.3) (build 21.0.3+-12282718-b509.11)
# Java VM: OpenJDK 64-Bit Server VM (21.0.3+-12282718-b509.11, mixed mode, tiered, compressed oops, compressed class ptrs, g1 gc, windows-amd64)
GC Precious Log:
 CardTable entry size: 512
 Card Set container configuration: InlinePtr #cards 5 size 8 Array Of Cards #cards 12 size 40 Howl #buckets 4 coarsen threshold 1843 Howl Bitmap #cards 512 size 80 coarsen threshold 460 Card regions per heap region 1 cards per card region 2048
 CPUs: 20 total, 20 available
 Memory: 16068M
 Large Page Support: Disabled
 NUMA Support: Disabled
 Compressed Oops: Enabled (32-bit)
 Heap Region Size: 1M
 Heap Min Capacity: 8M
 Heap Initial Capacity: 252M
 Heap Max Capacity: 2G
 Pre-touch: Disabled
 Parallel Workers: 15
 Concurrent Workers: 4
 Concurrent Refinement Workers: 15
 Periodic GC: Disabled
Heap:
 garbage-first heap   total 276480K, used 169137K [0x0000000080000000, 0x0000000100000000)
  region size 1024K, 21 young (21504K), 7 survivors (7168K)
 Metaspace       used 120217K, committed 122304K, reserved 1179648K
  class space    used 16101K, committed 17152K, reserved 1048576K
GC Heap History (20 events):
Event: 11.260 GC heap before
{Heap before GC invocations=35 (full 0):
 garbage-first heap   total 175104K, used 154609K [0x0000000080000000, 0x0000000100000000)
  region size 1024K, 62 young (63488K), 7 survivors (7168K)
 Metaspace       used 104957K, committed 107008K, reserved 1179648K
  class space    used 14449K, committed 15488K, reserved 1048576K
}
Event: 11.264 GC heap after
{Heap after GC invocations=36 (full 0):
 garbage-first heap   total 175104K, used 102411K [0x0000000080000000, 0x0000000100000000)
  region size 1024K, 7 young (7168K), 7 survivors (7168K)
 Metaspace       used 104957K, committed 107008K, reserved 1179648K
  class space    used 14449K, committed 15488K, reserved 1048576K
}
Event: 11.734 GC heap before
{Heap before GC invocations=36 (full 0):
 garbage-first heap   total 175104K, used 156683K [0x0000000080000000, 0x0000000100000000)
  region size 1024K, 60 young (61440K), 7 survivors (7168K)
 Metaspace       used 108712K, committed 110848K, reserved 1179648K
  class space    used 15040K, committed 16128K, reserved 1048576K
}
Event: 11.739 GC heap after
{Heap after GC invocations=37 (full 0):
 garbage-first heap   total 175104K, used 106157K [0x0000000080000000, 0x0000000100000000)
  region size 1024K, 8 young (8192K), 8 survivors (8192K)
 Metaspace       used 108712K, committed 110848K, reserved 1179648K
  class space    used 15040K, committed 16128K, reserved 1048576K
}
Event: 11.939 GC heap before
{Heap before GC invocations=37 (full 0):
 garbage-first heap   total 175104K, used 155309K [0x0000000080000000, 0x0000000100000000)
  region size 1024K, 56 young (57344K), 8 survivors (8192K)
 Metaspace       used 108873K, committed 110976K, reserved 1179648K
  class space    used 15051K, committed 16128K, reserved 1048576K
}
Event: 11.944 GC heap after
{Heap after GC invocations=38 (full 0):
 garbage-first heap   total 175104K, used 110726K [0x0000000080000000, 0x0000000100000000)
  region size 1024K, 5 young (5120K), 5 survivors (5120K)
 Metaspace       used 108873K, committed 110976K, reserved 1179648K
  class space    used 15051K, committed 16128K, reserved 1048576K
}
Event: 12.510 GC heap before
{Heap before GC invocations=39 (full 0):
 garbage-first heap   total 194560K, used 162950K [0x0000000080000000, 0x0000000100000000)
  region size 1024K, 52 young (53248K), 5 survivors (5120K)
 Metaspace       used 112303K, committed 114432K, reserved 1179648K
  class space    used 15372K, committed 16448K, reserved 1048576K
}
Event: 12.513 GC heap after
{Heap after GC invocations=40 (full 0):
 garbage-first heap   total 194560K, used 114159K [0x0000000080000000, 0x0000000100000000)
  region size 1024K, 6 young (6144K), 6 survivors (6144K)
 Metaspace       used 112303K, committed 114432K, reserved 1179648K
  class space    used 15372K, committed 16448K, reserved 1048576K
}
Event: 13.092 GC heap before
{Heap before GC invocations=40 (full 0):
 garbage-first heap   total 194560K, used 186863K [0x0000000080000000, 0x0000000100000000)
  region size 1024K, 66 young (67584K), 6 survivors (6144K)
 Metaspace       used 112893K, committed 115008K, reserved 1179648K
  class space    used 15409K, committed 16512K, reserved 1048576K
}
Event: 13.103 GC heap after
{Heap after GC invocations=41 (full 0):
 garbage-first heap   total 219136K, used 140148K [0x0000000080000000, 0x0000000100000000)
  region size 1024K, 9 young (9216K), 9 survivors (9216K)
 Metaspace       used 112893K, committed 115008K, reserved 1179648K
  class space    used 15409K, committed 16512K, reserved 1048576K
}
Event: 13.110 GC heap before
{Heap before GC invocations=41 (full 0):
 garbage-first heap   total 219136K, used 140148K [0x0000000080000000, 0x0000000100000000)
  region size 1024K, 10 young (10240K), 9 survivors (9216K)
 Metaspace       used 112893K, committed 115008K, reserved 1179648K
  class space    used 15409K, committed 16512K, reserved 1048576K
}
Event: 13.113 GC heap after
{Heap after GC invocations=42 (full 0):
 garbage-first heap   total 219136K, used 143458K [0x0000000080000000, 0x0000000100000000)
  region size 1024K, 2 young (2048K), 2 survivors (2048K)
 Metaspace       used 112893K, committed 115008K, reserved 1179648K
  class space    used 15409K, committed 16512K, reserved 1048576K
}
Event: 13.572 GC heap before
{Heap before GC invocations=43 (full 0):
 garbage-first heap   total 250880K, used 210018K [0x0000000080000000, 0x0000000100000000)
  region size 1024K, 49 young (50176K), 2 survivors (2048K)
 Metaspace       used 113481K, committed 115712K, reserved 1179648K
  class space    used 15462K, committed 16576K, reserved 1048576K
}
Event: 13.575 GC heap after
{Heap after GC invocations=44 (full 0):
 garbage-first heap   total 250880K, used 146922K [0x0000000080000000, 0x0000000100000000)
  region size 1024K, 5 young (5120K), 5 survivors (5120K)
 Metaspace       used 113481K, committed 115712K, reserved 1179648K
  class space    used 15462K, committed 16576K, reserved 1048576K
}
Event: 13.777 GC heap before
{Heap before GC invocations=44 (full 0):
 garbage-first heap   total 250880K, used 217578K [0x0000000080000000, 0x0000000100000000)
  region size 1024K, 75 young (76800K), 5 survivors (5120K)
 Metaspace       used 116922K, committed 119040K, reserved 1179648K
  class space    used 15773K, committed 16832K, reserved 1048576K
}
Event: 13.783 GC heap after
{Heap after GC invocations=45 (full 0):
 garbage-first heap   total 250880K, used 154908K [0x0000000080000000, 0x0000000100000000)
  region size 1024K, 10 young (10240K), 10 survivors (10240K)
 Metaspace       used 116922K, committed 119040K, reserved 1179648K
  class space    used 15773K, committed 16832K, reserved 1048576K
}
Event: 13.886 GC heap before
{Heap before GC invocations=45 (full 0):
 garbage-first heap   total 250880K, used 220444K [0x0000000080000000, 0x0000000100000000)
  region size 1024K, 75 young (76800K), 10 survivors (10240K)
 Metaspace       used 117736K, committed 119808K, reserved 1179648K
  class space    used 15831K, committed 16896K, reserved 1048576K
}
Event: 13.891 GC heap after
{Heap after GC invocations=46 (full 0):
 garbage-first heap   total 250880K, used 155452K [0x0000000080000000, 0x0000000100000000)
  region size 1024K, 3 young (3072K), 3 survivors (3072K)
 Metaspace       used 117736K, committed 119808K, reserved 1179648K
  class space    used 15831K, committed 16896K, reserved 1048576K
}
Event: 14.305 GC heap before
{Heap before GC invocations=47 (full 0):
 garbage-first heap   total 276480K, used 220988K [0x0000000080000000, 0x0000000100000000)
  region size 1024K, 70 young (71680K), 3 survivors (3072K)
 Metaspace       used 119587K, committed 121664K, reserved 1179648K
  class space    used 16044K, committed 17088K, reserved 1048576K
}
Event: 14.308 GC heap after
{Heap after GC invocations=48 (full 0):
 garbage-first heap   total 276480K, used 156849K [0x0000000080000000, 0x0000000100000000)
  region size 1024K, 7 young (7168K), 7 survivors (7168K)
 Metaspace       used 119587K, committed 121664K, reserved 1179648K
  class space    used 16044K, committed 17088K, reserved 1048576K
}

