# JRE version: OpenJDK Runtime Environment (21.0.3) (build 21.0.3+-12282718-b509.11)
# Java VM: OpenJDK 64-Bit Server VM (21.0.3+-12282718-b509.11, mixed mode, tiered, compressed oops, compressed class ptrs, g1 gc, windows-amd64)
GC Precious Log:
 CardTable entry size: 512
 Card Set container configuration: InlinePtr #cards 5 size 8 Array Of Cards #cards 12 size 40 Howl #buckets 4 coarsen threshold 1843 Howl Bitmap #cards 512 size 80 coarsen threshold 460 Card regions per heap region 1 cards per card region 2048
 CPUs: 20 total, 20 available
 Memory: 16068M
 Large Page Support: Disabled
 NUMA Support: Disabled
 Compressed Oops: Enabled (32-bit)
 Heap Region Size: 1M
 Heap Min Capacity: 8M
 Heap Initial Capacity: 252M
 Heap Max Capacity: 2G
 Pre-touch: Disabled
 Parallel Workers: 15
 Concurrent Workers: 4
 Concurrent Refinement Workers: 15
 Periodic GC: Disabled
Heap:
 garbage-first heap   total 126976K, used 99327K [0x0000000080000000, 0x0000000100000000)
  region size 1024K, 70 young (71680K), 7 survivors (7168K)
 Metaspace       used 69040K, committed 70592K, reserved 1114112K
  class space    used 9481K, committed 10240K, reserved 1048576K
GC Heap History (20 events):
Event: 0.590 GC heap before
{Heap before GC invocations=1 (full 0):
 garbage-first heap   total 258048K, used 40948K [0x0000000080000000, 0x0000000100000000)
  region size 1024K, 34 young (34816K), 3 survivors (3072K)
 Metaspace       used 12130K, committed 12352K, reserved 1114112K
  class space    used 1281K, committed 1408K, reserved 1048576K
}
Event: 0.593 GC heap after
{Heap after GC invocations=2 (full 0):
 garbage-first heap   total 258048K, used 11765K [0x0000000080000000, 0x0000000100000000)
  region size 1024K, 3 young (3072K), 3 survivors (3072K)
 Metaspace       used 12130K, committed 12352K, reserved 1114112K
  class space    used 1281K, committed 1408K, reserved 1048576K
}
Event: 0.903 GC heap before
{Heap before GC invocations=2 (full 0):
 garbage-first heap   total 258048K, used 58869K [0x0000000080000000, 0x0000000100000000)
  region size 1024K, 47 young (48128K), 3 survivors (3072K)
 Metaspace       used 15490K, committed 15680K, reserved 1114112K
  class space    used 1721K, committed 1792K, reserved 1048576K
}
Event: 0.908 GC heap after
{Heap after GC invocations=3 (full 0):
 garbage-first heap   total 258048K, used 18432K [0x0000000080000000, 0x0000000100000000)
  region size 1024K, 6 young (6144K), 6 survivors (6144K)
 Metaspace       used 15490K, committed 15680K, reserved 1114112K
  class space    used 1721K, committed 1792K, reserved 1048576K
}
Event: 1.263 GC heap before
{Heap before GC invocations=3 (full 0):
 garbage-first heap   total 258048K, used 38912K [0x0000000080000000, 0x0000000100000000)
  region size 1024K, 27 young (27648K), 6 survivors (6144K)
 Metaspace       used 21179K, committed 21504K, reserved 1114112K
  class space    used 2453K, committed 2624K, reserved 1048576K
}
Event: 1.266 GC heap after
{Heap after GC invocations=4 (full 0):
 garbage-first heap   total 258048K, used 20825K [0x0000000080000000, 0x0000000100000000)
  region size 1024K, 9 young (9216K), 9 survivors (9216K)
 Metaspace       used 21179K, committed 21504K, reserved 1114112K
  class space    used 2453K, committed 2624K, reserved 1048576K
}
Event: 1.914 GC heap before
{Heap before GC invocations=5 (full 0):
 garbage-first heap   total 75776K, used 74073K [0x0000000080000000, 0x0000000100000000)
  region size 1024K, 62 young (63488K), 9 survivors (9216K)
 Metaspace       used 29721K, committed 30272K, reserved 1114112K
  class space    used 3838K, committed 4096K, reserved 1048576K
}
Event: 1.919 GC heap after
{Heap after GC invocations=6 (full 0):
 garbage-first heap   total 88064K, used 23921K [0x0000000080000000, 0x0000000100000000)
  region size 1024K, 12 young (12288K), 12 survivors (12288K)
 Metaspace       used 29721K, committed 30272K, reserved 1114112K
  class space    used 3838K, committed 4096K, reserved 1048576K
}
Event: 2.257 GC heap before
{Heap before GC invocations=6 (full 0):
 garbage-first heap   total 88064K, used 63857K [0x0000000080000000, 0x0000000100000000)
  region size 1024K, 51 young (52224K), 12 survivors (12288K)
 Metaspace       used 34940K, committed 35776K, reserved 1114112K
  class space    used 4697K, committed 5056K, reserved 1048576K
}
Event: 2.261 GC heap after
{Heap after GC invocations=7 (full 0):
 garbage-first heap   total 88064K, used 26231K [0x0000000080000000, 0x0000000100000000)
  region size 1024K, 6 young (6144K), 6 survivors (6144K)
 Metaspace       used 34940K, committed 35776K, reserved 1114112K
  class space    used 4697K, committed 5056K, reserved 1048576K
}
Event: 2.285 GC heap before
{Heap before GC invocations=7 (full 0):
 garbage-first heap   total 88064K, used 28279K [0x0000000080000000, 0x0000000100000000)
  region size 1024K, 9 young (9216K), 6 survivors (6144K)
 Metaspace       used 35192K, committed 35968K, reserved 1114112K
  class space    used 4738K, committed 5120K, reserved 1048576K
}
Event: 2.287 GC heap after
{Heap after GC invocations=8 (full 0):
 garbage-first heap   total 88064K, used 26184K [0x0000000080000000, 0x0000000100000000)
  region size 1024K, 3 young (3072K), 3 survivors (3072K)
 Metaspace       used 35192K, committed 35968K, reserved 1114112K
  class space    used 4738K, committed 5120K, reserved 1048576K
}
Event: 2.785 GC heap before
{Heap before GC invocations=9 (full 0):
 garbage-first heap   total 88064K, used 75336K [0x0000000080000000, 0x0000000100000000)
  region size 1024K, 51 young (52224K), 3 survivors (3072K)
 Metaspace       used 43861K, committed 45056K, reserved 1114112K
  class space    used 5919K, committed 6528K, reserved 1048576K
}
Event: 2.788 GC heap after
{Heap after GC invocations=10 (full 0):
 garbage-first heap   total 88064K, used 29936K [0x0000000080000000, 0x0000000100000000)
  region size 1024K, 7 young (7168K), 7 survivors (7168K)
 Metaspace       used 43861K, committed 45056K, reserved 1114112K
  class space    used 5919K, committed 6528K, reserved 1048576K
}
Event: 2.987 GC heap before
{Heap before GC invocations=10 (full 0):
 garbage-first heap   total 88064K, used 73968K [0x0000000080000000, 0x0000000100000000)
  region size 1024K, 51 young (52224K), 7 survivors (7168K)
 Metaspace       used 46416K, committed 47616K, reserved 1114112K
  class space    used 6244K, committed 6848K, reserved 1048576K
}
Event: 2.990 GC heap after
{Heap after GC invocations=11 (full 0):
 garbage-first heap   total 88064K, used 32568K [0x0000000080000000, 0x0000000100000000)
  region size 1024K, 3 young (3072K), 3 survivors (3072K)
 Metaspace       used 46416K, committed 47616K, reserved 1114112K
  class space    used 6244K, committed 6848K, reserved 1048576K
}
Event: 3.370 GC heap before
{Heap before GC invocations=11 (full 0):
 garbage-first heap   total 88064K, used 77624K [0x0000000080000000, 0x0000000100000000)
  region size 1024K, 47 young (48128K), 3 survivors (3072K)
 Metaspace       used 51259K, committed 52672K, reserved 1114112K
  class space    used 7055K, committed 7744K, reserved 1048576K
}
Event: 3.372 GC heap after
{Heap after GC invocations=12 (full 0):
 garbage-first heap   total 126976K, used 35115K [0x0000000080000000, 0x0000000100000000)
  region size 1024K, 6 young (6144K), 6 survivors (6144K)
 Metaspace       used 51259K, committed 52672K, reserved 1114112K
  class space    used 7055K, committed 7744K, reserved 1048576K
}
Event: 3.856 GC heap before
{Heap before GC invocations=12 (full 0):
 garbage-first heap   total 126976K, used 83243K [0x0000000080000000, 0x0000000100000000)
  region size 1024K, 53 young (54272K), 6 survivors (6144K)
 Metaspace       used 58721K, committed 60096K, reserved 1114112K
  class space    used 8008K, committed 8704K, reserved 1048576K
}
Event: 3.859 GC heap after
{Heap after GC invocations=13 (full 0):
 garbage-first heap   total 126976K, used 36863K [0x0000000080000000, 0x0000000100000000)
  region size 1024K, 7 young (7168K), 7 survivors (7168K)
 Metaspace       used 58721K, committed 60096K, reserved 1114112K
  class space    used 8008K, committed 8704K, reserved 1048576K
}

